<?xml version="1.0" encoding="UTF-8"?>
<!-- Generated by org.testng.reporters.JUnitReportReporter -->
<testsuite skipped="0" hostname="qitmac000442deMacBook-Pro.local" name="TestXunit.LoginTest" tests="4" failures="0" timestamp="23 十二月 2018 08:49:38 GMT" time="0.072" errors="0">
  <testcase name="testLogin" time="0.019" classname="TestXunit.LoginTest"/>
  <testcase name="testLogin" time="0.006" classname="TestXunit.LoginTest"/>
  <testcase name="testLogin" time="0.038" classname="TestXunit.LoginTest"/>
  <testcase name="testLogin" time="0.009" classname="TestXunit.LoginTest"/>
</testsuite> <!-- TestXunit.LoginTest -->
